#
# There is insufficient memory for the Java Runtime Environment to continue.
# Native memory allocation (malloc) failed to allocate 1501056 bytes for Chunk::new
# Possible reasons:
#   The system is out of physical RAM or swap space
#   In 32 bit mode, the process size limit was hit
# Possible solutions:
#   Reduce memory load on the system
#   Increase physical memory or swap space
#   Check if swap backing store is full
#   Use 64 bit Java on a 64 bit OS
#   Decrease Java heap size (-Xmx/-Xms)
#   Decrease number of Java threads
#   Decrease Java thread stack sizes (-Xss)
#   Set larger code cache with -XX:ReservedCodeCacheSize=
# This output file may be truncated or incomplete.
#
#  Out of Memory Error (allocation.cpp:390), pid=6196, tid=6864
#
# JRE version: Java(TM) SE Runtime Environment (8.0_20-b26) (build 1.8.0_20-b26)
# Java VM: Java HotSpot(TM) 64-Bit Server VM (25.20-b23 mixed mode windows-amd64 compressed oops)
# Failed to write core dump. Minidumps are not enabled by default on client versions of Windows
#

---------------  T H R E A D  ---------------

Current thread (0x00000000147d1000):  JavaThread "C2 CompilerThread1" daemon [_thread_in_native, id=6864, stack(0x0000000015e50000,0x0000000015f50000)]

Stack: [0x0000000015e50000,0x0000000015f50000]
Native frames: (J=compiled Java code, j=interpreted, Vv=VM code, C=native code)
V  [jvm.dll+0x3152fa]
V  [jvm.dll+0x265d03]
V  [jvm.dll+0x266943]
V  [jvm.dll+0x25e265]
V  [jvm.dll+0xbe255]
V  [jvm.dll+0xbe6fc]
V  [jvm.dll+0x45c472]
V  [jvm.dll+0x49d76f]
V  [jvm.dll+0x451911]
V  [jvm.dll+0x452634]
V  [jvm.dll+0x435fc2]
V  [jvm.dll+0x97b62]
V  [jvm.dll+0x98353]
V  [jvm.dll+0x22aac4]
V  [jvm.dll+0x283f5a]
C  [msvcr100.dll+0x21d9f]
C  [msvcr100.dll+0x21e3b]
C  [KERNEL32.DLL+0x16ad]
C  [ntdll.dll+0x734a5]


Current CompileTask:
C2:   4047 3966   !   4       org.codehaus.plexus.interpolation.StringSearchInterpolator::interpolate (655 bytes)


---------------  P R O C E S S  ---------------

Java Threads: ( => current thread )
  0x0000000018d8a800 JavaThread "resolver-4" daemon [_thread_blocked, id=2568, stack(0x000000001bd30000,0x000000001be30000)]
  0x0000000018d8a000 JavaThread "resolver-3" daemon [_thread_blocked, id=3048, stack(0x000000001bc30000,0x000000001bd30000)]
  0x0000000018a46800 JavaThread "resolver-2" daemon [_thread_blocked, id=6980, stack(0x000000001a740000,0x000000001a840000)]
  0x000000001883a800 JavaThread "resolver-1" daemon [_thread_blocked, id=7064, stack(0x000000001a640000,0x000000001a740000)]
  0x000000001482e800 JavaThread "Service Thread" daemon [_thread_blocked, id=2584, stack(0x0000000016450000,0x0000000016550000)]
  0x00000000147d7800 JavaThread "C1 CompilerThread2" daemon [_thread_blocked, id=3580, stack(0x0000000015f50000,0x0000000016050000)]
=>0x00000000147d1000 JavaThread "C2 CompilerThread1" daemon [_thread_in_native, id=6864, stack(0x0000000015e50000,0x0000000015f50000)]
  0x00000000147ce800 JavaThread "C2 CompilerThread0" daemon [_thread_in_native, id=5132, stack(0x0000000015d50000,0x0000000015e50000)]
  0x00000000147cc800 JavaThread "Attach Listener" daemon [_thread_blocked, id=1536, stack(0x0000000015c50000,0x0000000015d50000)]
  0x00000000147cb800 JavaThread "Signal Dispatcher" daemon [_thread_blocked, id=7124, stack(0x0000000015b50000,0x0000000015c50000)]
  0x0000000002157000 JavaThread "Finalizer" daemon [_thread_blocked, id=1832, stack(0x0000000015a50000,0x0000000015b50000)]
  0x000000000214e000 JavaThread "Reference Handler" daemon [_thread_blocked, id=1104, stack(0x0000000015950000,0x0000000015a50000)]
  0x000000000205e000 JavaThread "main" [_thread_in_native, id=6840, stack(0x0000000001ef0000,0x0000000001ff0000)]

Other Threads:
  0x0000000014796000 VMThread [stack: 0x0000000015850000,0x0000000015950000] [id=4456]
  0x000000001607a000 WatcherThread [stack: 0x0000000016550000,0x0000000016650000] [id=6744]

VM state:not at safepoint (normal execution)

VM Mutex/Monitor currently owned by a thread: None

Heap:
 PSYoungGen      total 142848K, used 36368K [0x00000000eae00000, 0x00000000f4700000, 0x0000000100000000)
  eden space 130560K, 27% used [0x00000000eae00000,0x00000000ed184308,0x00000000f2d80000)
  from space 12288K, 0% used [0x00000000f3a00000,0x00000000f3a00000,0x00000000f4600000)
  to   space 12800K, 0% used [0x00000000f2d80000,0x00000000f2d80000,0x00000000f3a00000)
 ParOldGen       total 44032K, used 19908K [0x00000000c0a00000, 0x00000000c3500000, 0x00000000eae00000)
  object space 44032K, 45% used [0x00000000c0a00000,0x00000000c1d712c8,0x00000000c3500000)
 Metaspace       used 22024K, capacity 22484K, committed 22704K, reserved 1069056K
  class space    used 2593K, capacity 2772K, committed 2816K, reserved 1048576K

Card table byte_map: [0x0000000011520000,0x0000000011720000] byte_map_base: 0x0000000010f1b000

Marking Bits: (ParMarkBitMap*) 0x0000000077f7b460
 Begin Bits: [0x0000000011c80000, 0x0000000012c58000)
 End Bits:   [0x0000000012c58000, 0x0000000013c30000)

Polling page: 0x0000000000560000

CodeCache: size=245760Kb used=12839Kb max_used=12853Kb free=232921Kb
 bounds [0x0000000002160000, 0x0000000002e00000, 0x0000000011160000]
 total_blobs=4366 nmethods=4000 adapters=279
 compilation: enabled

Compilation events (10 events):
Event: 3.946 Thread 0x00000000147d7800 4011       3       org.apache.maven.model.PluginContainer::setPlugins (6 bytes)
Event: 3.946 Thread 0x00000000147d7800 nmethod 4011 0x0000000002deb8d0 code [0x0000000002deba20, 0x0000000002debb90]
Event: 3.946 Thread 0x00000000147d7800 4010       3       org.apache.maven.model.MailingList::setLocation (35 bytes)
Event: 3.946 Thread 0x00000000147d7800 nmethod 4010 0x0000000002debc10 code [0x0000000002debda0, 0x0000000002dec228]
Event: 3.946 Thread 0x00000000147d7800 4009       3       org.apache.maven.artifact.ArtifactUtils::key (75 bytes)
Event: 3.947 Thread 0x00000000147d7800 nmethod 4009 0x0000000002dec450 code [0x0000000002dec6a0, 0x0000000002ded388]
Event: 3.948 Thread 0x00000000147d7800 4013       3       java.lang.Package::<init> (56 bytes)
Event: 3.948 Thread 0x00000000147d7800 nmethod 4013 0x0000000002ded850 code [0x0000000002ded9a0, 0x0000000002dedc10]
Event: 3.952 Thread 0x00000000147d1000 nmethod 3971 0x0000000002df1a50 code [0x0000000002df1d60, 0x0000000002df2e30]
Event: 3.952 Thread 0x00000000147d1000 3966   !   4       org.codehaus.plexus.interpolation.StringSearchInterpolator::interpolate (655 bytes)

GC Heap History (10 events):
Event: 1.031 GC heap before
{Heap before GC invocations=5 (full 0):
 PSYoungGen      total 35328K, used 35296K [0x00000000eae00000, 0x00000000ed300000, 0x0000000100000000)
  eden space 32768K, 100% used [0x00000000eae00000,0x00000000ece00000,0x00000000ece00000)
  from space 2560K, 98% used [0x00000000ed080000,0x00000000ed2f8020,0x00000000ed300000)
  to   space 2560K, 0% used [0x00000000ece00000,0x00000000ece00000,0x00000000ed080000)
 ParOldGen       total 44032K, used 4700K [0x00000000c0a00000, 0x00000000c3500000, 0x00000000eae00000)
  object space 44032K, 10% used [0x00000000c0a00000,0x00000000c0e973f0,0x00000000c3500000)
 Metaspace       used 13543K, capacity 13788K, committed 14080K, reserved 1060864K
  class space    used 1679K, capacity 1775K, committed 1792K, reserved 1048576K
Event: 1.037 GC heap after
Heap after GC invocations=5 (full 0):
 PSYoungGen      total 35328K, used 2544K [0x00000000eae00000, 0x00000000efc00000, 0x0000000100000000)
  eden space 32768K, 0% used [0x00000000eae00000,0x00000000eae00000,0x00000000ece00000)
  from space 2560K, 99% used [0x00000000ece00000,0x00000000ed07c010,0x00000000ed080000)
  to   space 7168K, 0% used [0x00000000ef500000,0x00000000ef500000,0x00000000efc00000)
 ParOldGen       total 44032K, used 8680K [0x00000000c0a00000, 0x00000000c3500000, 0x00000000eae00000)
  object space 44032K, 19% used [0x00000000c0a00000,0x00000000c127a040,0x00000000c3500000)
 Metaspace       used 13543K, capacity 13788K, committed 14080K, reserved 1060864K
  class space    used 1679K, capacity 1775K, committed 1792K, reserved 1048576K
}
Event: 2.201 GC heap before
{Heap before GC invocations=6 (full 0):
 PSYoungGen      total 35328K, used 35312K [0x00000000eae00000, 0x00000000efc00000, 0x0000000100000000)
  eden space 32768K, 100% used [0x00000000eae00000,0x00000000ece00000,0x00000000ece00000)
  from space 2560K, 99% used [0x00000000ece00000,0x00000000ed07c010,0x00000000ed080000)
  to   space 7168K, 0% used [0x00000000ef500000,0x00000000ef500000,0x00000000efc00000)
 ParOldGen       total 44032K, used 8680K [0x00000000c0a00000, 0x00000000c3500000, 0x00000000eae00000)
  object space 44032K, 19% used [0x00000000c0a00000,0x00000000c127a040,0x00000000c3500000)
 Metaspace       used 14428K, capacity 14732K, committed 14976K, reserved 1062912K
  class space    used 1758K, capacity 1855K, committed 1920K, reserved 1048576K
Event: 2.209 GC heap after
Heap after GC invocations=6 (full 0):
 PSYoungGen      total 72704K, used 4520K [0x00000000eae00000, 0x00000000efc00000, 0x0000000100000000)
  eden space 65536K, 0% used [0x00000000eae00000,0x00000000eae00000,0x00000000eee00000)
  from space 7168K, 63% used [0x00000000ef500000,0x00000000ef96a0a0,0x00000000efc00000)
  to   space 7168K, 0% used [0x00000000eee00000,0x00000000eee00000,0x00000000ef500000)
 ParOldGen       total 44032K, used 8688K [0x00000000c0a00000, 0x00000000c3500000, 0x00000000eae00000)
  object space 44032K, 19% used [0x00000000c0a00000,0x00000000c127c040,0x00000000c3500000)
 Metaspace       used 14428K, capacity 14732K, committed 14976K, reserved 1062912K
  class space    used 1758K, capacity 1855K, committed 1920K, reserved 1048576K
}
Event: 2.859 GC heap before
{Heap before GC invocations=7 (full 0):
 PSYoungGen      total 72704K, used 70056K [0x00000000eae00000, 0x00000000efc00000, 0x0000000100000000)
  eden space 65536K, 100% used [0x00000000eae00000,0x00000000eee00000,0x00000000eee00000)
  from space 7168K, 63% used [0x00000000ef500000,0x00000000ef96a0a0,0x00000000efc00000)
  to   space 7168K, 0% used [0x00000000eee00000,0x00000000eee00000,0x00000000ef500000)
 ParOldGen       total 44032K, used 8688K [0x00000000c0a00000, 0x00000000c3500000, 0x00000000eae00000)
  object space 44032K, 19% used [0x00000000c0a00000,0x00000000c127c040,0x00000000c3500000)
 Metaspace       used 19610K, capacity 20022K, committed 20224K, reserved 1067008K
  class space    used 2377K, capacity 2512K, committed 2560K, reserved 1048576K
Event: 2.874 GC heap after
Heap after GC invocations=7 (full 0):
 PSYoungGen      total 72704K, used 7151K [0x00000000eae00000, 0x00000000f4600000, 0x0000000100000000)
  eden space 65536K, 0% used [0x00000000eae00000,0x00000000eae00000,0x00000000eee00000)
  from space 7168K, 99% used [0x00000000eee00000,0x00000000ef4fbd20,0x00000000ef500000)
  to   space 12288K, 0% used [0x00000000f3a00000,0x00000000f3a00000,0x00000000f4600000)
 ParOldGen       total 44032K, used 16833K [0x00000000c0a00000, 0x00000000c3500000, 0x00000000eae00000)
  object space 44032K, 38% used [0x00000000c0a00000,0x00000000c1a704e8,0x00000000c3500000)
 Metaspace       used 19610K, capacity 20022K, committed 20224K, reserved 1067008K
  class space    used 2377K, capacity 2512K, committed 2560K, reserved 1048576K
}
Event: 3.113 GC heap before
{Heap before GC invocations=8 (full 0):
 PSYoungGen      total 72704K, used 20193K [0x00000000eae00000, 0x00000000f4600000, 0x0000000100000000)
  eden space 65536K, 19% used [0x00000000eae00000,0x00000000ebabc6f8,0x00000000eee00000)
  from space 7168K, 99% used [0x00000000eee00000,0x00000000ef4fbd20,0x00000000ef500000)
  to   space 12288K, 0% used [0x00000000f3a00000,0x00000000f3a00000,0x00000000f4600000)
 ParOldGen       total 44032K, used 16833K [0x00000000c0a00000, 0x00000000c3500000, 0x00000000eae00000)
  object space 44032K, 38% used [0x00000000c0a00000,0x00000000c1a704e8,0x00000000c3500000)
 Metaspace       used 20775K, capacity 21142K, committed 21296K, reserved 1069056K
  class space    used 2499K, capacity 2608K, committed 2688K, reserved 1048576K
Event: 3.126 GC heap after
Heap after GC invocations=8 (full 0):
 PSYoungGen      total 142848K, used 8385K [0x00000000eae00000, 0x00000000f4700000, 0x0000000100000000)
  eden space 130560K, 0% used [0x00000000eae00000,0x00000000eae00000,0x00000000f2d80000)
  from space 12288K, 68% used [0x00000000f3a00000,0x00000000f4230528,0x00000000f4600000)
  to   space 12800K, 0% used [0x00000000f2d80000,0x00000000f2d80000,0x00000000f3a00000)
 ParOldGen       total 44032K, used 17527K [0x00000000c0a00000, 0x00000000c3500000, 0x00000000eae00000)
  object space 44032K, 39% used [0x00000000c0a00000,0x00000000c1b1dd38,0x00000000c3500000)
 Metaspace       used 20775K, capacity 21142K, committed 21296K, reserved 1069056K
  class space    used 2499K, capacity 2608K, committed 2688K, reserved 1048576K
}
Event: 3.126 GC heap before
{Heap before GC invocations=9 (full 1):
 PSYoungGen      total 142848K, used 8385K [0x00000000eae00000, 0x00000000f4700000, 0x0000000100000000)
  eden space 130560K, 0% used [0x00000000eae00000,0x00000000eae00000,0x00000000f2d80000)
  from space 12288K, 68% used [0x00000000f3a00000,0x00000000f4230528,0x00000000f4600000)
  to   space 12800K, 0% used [0x00000000f2d80000,0x00000000f2d80000,0x00000000f3a00000)
 ParOldGen       total 44032K, used 17527K [0x00000000c0a00000, 0x00000000c3500000, 0x00000000eae00000)
  object space 44032K, 39% used [0x00000000c0a00000,0x00000000c1b1dd38,0x00000000c3500000)
 Metaspace       used 20775K, capacity 21142K, committed 21296K, reserved 1069056K
  class space    used 2499K, capacity 2608K, committed 2688K, reserved 1048576K
Event: 3.200 GC heap after
Heap after GC invocations=9 (full 1):
 PSYoungGen      total 142848K, used 0K [0x00000000eae00000, 0x00000000f4700000, 0x0000000100000000)
  eden space 130560K, 0% used [0x00000000eae00000,0x00000000eae00000,0x00000000f2d80000)
  from space 12288K, 0% used [0x00000000f3a00000,0x00000000f3a00000,0x00000000f4600000)
  to   space 12800K, 0% used [0x00000000f2d80000,0x00000000f2d80000,0x00000000f3a00000)
 ParOldGen       total 44032K, used 19908K [0x00000000c0a00000, 0x00000000c3500000, 0x00000000eae00000)
  object space 44032K, 45% used [0x00000000c0a00000,0x00000000c1d712c8,0x00000000c3500000)
 Metaspace       used 20775K, capacity 21142K, committed 21296K, reserved 1069056K
  class space    used 2499K, capacity 2608K, committed 2688K, reserved 1048576K
}

Deoptimization events (10 events):
Event: 1.999 Thread 0x000000000205e000 Uncommon trap: reason=bimorphic action=maybe_recompile pc=0x00000000026af090 method=java.util.concurrent.ConcurrentHashMap.get(Ljava/lang/Object;)Ljava/lang/Object; @ 149
Event: 2.011 Thread 0x000000000205e000 Uncommon trap: reason=bimorphic action=maybe_recompile pc=0x00000000026af090 method=java.util.concurrent.ConcurrentHashMap.get(Ljava/lang/Object;)Ljava/lang/Object; @ 149
Event: 3.853 Thread 0x000000000205e000 Uncommon trap: reason=speculate_class_check action=maybe_recompile pc=0x0000000002809484 method=java.nio.charset.CharsetDecoder.decode(Ljava/nio/ByteBuffer;Ljava/nio/CharBuffer;Z)Ljava/nio/charset/CoderResult; @ 57
Event: 3.854 Thread 0x000000000205e000 Uncommon trap: reason=speculate_class_check action=maybe_recompile pc=0x0000000002809484 method=java.nio.charset.CharsetDecoder.decode(Ljava/nio/ByteBuffer;Ljava/nio/CharBuffer;Z)Ljava/nio/charset/CoderResult; @ 57
Event: 3.854 Thread 0x000000000205e000 Uncommon trap: reason=speculate_class_check action=maybe_recompile pc=0x0000000002809484 method=java.nio.charset.CharsetDecoder.decode(Ljava/nio/ByteBuffer;Ljava/nio/CharBuffer;Z)Ljava/nio/charset/CoderResult; @ 57
Event: 3.854 Thread 0x000000000205e000 Uncommon trap: reason=speculate_class_check action=maybe_recompile pc=0x0000000002809484 method=java.nio.charset.CharsetDecoder.decode(Ljava/nio/ByteBuffer;Ljava/nio/CharBuffer;Z)Ljava/nio/charset/CoderResult; @ 57
Event: 3.892 Thread 0x000000000205e000 Uncommon trap: reason=class_check action=maybe_recompile pc=0x000000000291f5b4 method=com.google.inject.internal.MoreTypes.canonicalize(Ljava/lang/reflect/Type;)Ljava/lang/reflect/Type; @ 37
Event: 3.892 Thread 0x000000000205e000 Uncommon trap: reason=class_check action=maybe_recompile pc=0x000000000291f5b4 method=com.google.inject.internal.MoreTypes.canonicalize(Ljava/lang/reflect/Type;)Ljava/lang/reflect/Type; @ 37
Event: 3.892 Thread 0x000000000205e000 Uncommon trap: reason=class_check action=maybe_recompile pc=0x000000000291f5b4 method=com.google.inject.internal.MoreTypes.canonicalize(Ljava/lang/reflect/Type;)Ljava/lang/reflect/Type; @ 37
Event: 3.919 Thread 0x000000000205e000 Uncommon trap: reason=unreached action=reinterpret pc=0x0000000002911d94 method=org.apache.maven.model.ConfigurationContainer.setLocation(Ljava/lang/Object;Lorg/apache/maven/model/InputLocation;)V @ 1

Internal exceptions (10 events):
Event: 3.953 Thread 0x000000000205e000 Exception <a 'java/security/PrivilegedActionException'> (0x00000000ecf3f490) thrown at [D:\re\workspace\8-2-build-windows-amd64-cygwin\jdk8u20\1074\hotspot\src\share\vm\prims\jvm.cpp, line 1275]
Event: 3.953 Thread 0x000000000205e000 Exception <a 'java/security/PrivilegedActionException'> (0x00000000ecf3fe60) thrown at [D:\re\workspace\8-2-build-windows-amd64-cygwin\jdk8u20\1074\hotspot\src\share\vm\prims\jvm.cpp, line 1275]
Event: 3.953 Thread 0x000000000205e000 Exception <a 'java/security/PrivilegedActionException'> (0x00000000ecf459c8) thrown at [D:\re\workspace\8-2-build-windows-amd64-cygwin\jdk8u20\1074\hotspot\src\share\vm\prims\jvm.cpp, line 1275]
Event: 3.953 Thread 0x000000000205e000 Exception <a 'java/security/PrivilegedActionException'> (0x00000000ecf46910) thrown at [D:\re\workspace\8-2-build-windows-amd64-cygwin\jdk8u20\1074\hotspot\src\share\vm\prims\jvm.cpp, line 1275]
Event: 3.954 Thread 0x000000000205e000 Exception <a 'java/security/PrivilegedActionException'> (0x00000000ecf4c330) thrown at [D:\re\workspace\8-2-build-windows-amd64-cygwin\jdk8u20\1074\hotspot\src\share\vm\prims\jvm.cpp, line 1275]
Event: 3.954 Thread 0x000000000205e000 Exception <a 'java/security/PrivilegedActionException'> (0x00000000ecf4cdb8) thrown at [D:\re\workspace\8-2-build-windows-amd64-cygwin\jdk8u20\1074\hotspot\src\share\vm\prims\jvm.cpp, line 1275]
Event: 3.954 Thread 0x000000000205e000 Exception <a 'java/security/PrivilegedActionException'> (0x00000000ecf4d788) thrown at [D:\re\workspace\8-2-build-windows-amd64-cygwin\jdk8u20\1074\hotspot\src\share\vm\prims\jvm.cpp, line 1275]
Event: 3.954 Thread 0x000000000205e000 Exception <a 'java/security/PrivilegedActionException'> (0x00000000ecf532f0) thrown at [D:\re\workspace\8-2-build-windows-amd64-cygwin\jdk8u20\1074\hotspot\src\share\vm\prims\jvm.cpp, line 1275]
Event: 3.954 Thread 0x000000000205e000 Exception <a 'java/security/PrivilegedActionException'> (0x00000000ecf54238) thrown at [D:\re\workspace\8-2-build-windows-amd64-cygwin\jdk8u20\1074\hotspot\src\share\vm\prims\jvm.cpp, line 1275]
Event: 3.954 Thread 0x000000000205e000 Exception <a 'java/security/PrivilegedActionException'> (0x00000000ecf5dbd0) thrown at [D:\re\workspace\8-2-build-windows-amd64-cygwin\jdk8u20\1074\hotspot\src\share\vm\prims\jvm.cpp, line 1275]

Events (10 events):
Event: 3.960 loading class java/net/Inet4Address
Event: 3.960 loading class java/net/Inet4Address done
Event: 3.960 loading class java/net/Inet6Address
Event: 3.960 loading class java/net/Inet6Address done
Event: 3.961 loading class java/net/Inet6Address$Inet6AddressHolder
Event: 3.961 loading class java/net/Inet6Address$Inet6AddressHolder done
Event: 3.961 loading class java/net/InterfaceAddress
Event: 3.961 loading class java/net/InterfaceAddress done
Event: 3.961 loading class java/net/DefaultInterface
Event: 3.961 loading class java/net/DefaultInterface done


Dynamic libraries:
0x00007ff7e2c80000 - 0x00007ff7e2cb4000 	C:\Program Files\Java\jdk1.8.0_20\bin\java.exe
0x00007ff91b240000 - 0x00007ff91b3ea000 	C:\WINDOWS\SYSTEM32\ntdll.dll
0x00007ff918b60000 - 0x00007ff918c9a000 	C:\WINDOWS\system32\KERNEL32.DLL
0x00007ff918960000 - 0x00007ff918a6f000 	C:\WINDOWS\system32\KERNELBASE.dll
0x00007ff9171e0000 - 0x00007ff917268000 	C:\WINDOWS\system32\apphelp.dll
0x00007ff90f970000 - 0x00007ff90f9bf000 	C:\WINDOWS\AppPatch\AppPatch64\AcGenral.DLL
0x00007ff919380000 - 0x00007ff919427000 	C:\WINDOWS\system32\msvcrt.dll
0x00007ff918390000 - 0x00007ff9183bb000 	C:\WINDOWS\SYSTEM32\SspiCli.dll
0x00007ff919620000 - 0x00007ff919671000 	C:\WINDOWS\system32\SHLWAPI.dll
0x00007ff918fc0000 - 0x00007ff919131000 	C:\WINDOWS\system32\USER32.dll
0x00007ff919680000 - 0x00007ff9197f8000 	C:\WINDOWS\system32\ole32.dll
0x00007ff919bc0000 - 0x00007ff91afdf000 	C:\WINDOWS\system32\SHELL32.dll
0x00007ff917d30000 - 0x00007ff917d4e000 	C:\WINDOWS\SYSTEM32\USERENV.dll
0x00007ff918dc0000 - 0x00007ff918e65000 	C:\WINDOWS\system32\ADVAPI32.dll
0x00007ff90ec80000 - 0x00007ff90ec9b000 	C:\WINDOWS\SYSTEM32\MPR.dll
0x00007ff919a80000 - 0x00007ff919bb7000 	C:\WINDOWS\system32\RPCRT4.dll
0x00007ff918d60000 - 0x00007ff918db7000 	C:\WINDOWS\SYSTEM32\sechost.dll
0x00007ff919140000 - 0x00007ff919316000 	C:\WINDOWS\SYSTEM32\combase.dll
0x00007ff919810000 - 0x00007ff919954000 	C:\WINDOWS\system32\GDI32.dll
0x00007ff9185b0000 - 0x00007ff9185c4000 	C:\WINDOWS\SYSTEM32\profapi.dll
0x00007ff916bf0000 - 0x00007ff916c8f000 	C:\WINDOWS\SYSTEM32\SHCORE.dll
0x00007ff91b200000 - 0x00007ff91b234000 	C:\WINDOWS\system32\IMM32.DLL
0x00007ff918e80000 - 0x00007ff918fb9000 	C:\WINDOWS\system32\MSCTF.dll
0x00007ff916400000 - 0x00007ff91665a000 	C:\WINDOWS\WinSxS\amd64_microsoft.windows.common-controls_6595b64144ccf1df_6.0.9600.17031_none_6242a4b3ecbb55a1\COMCTL32.dll
0x00000000507e0000 - 0x00000000508b2000 	C:\Program Files\Java\jdk1.8.0_20\jre\bin\msvcr100.dll
0x00000000777a0000 - 0x0000000077ff8000 	C:\Program Files\Java\jdk1.8.0_20\jre\bin\server\jvm.dll
0x00007ff90f620000 - 0x00007ff90f629000 	C:\WINDOWS\SYSTEM32\WSOCK32.dll
0x00007ff914be0000 - 0x00007ff914bff000 	C:\WINDOWS\SYSTEM32\WINMM.dll
0x00007ff918d50000 - 0x00007ff918d57000 	C:\WINDOWS\system32\PSAPI.DLL
0x00007ff919960000 - 0x00007ff9199b8000 	C:\WINDOWS\system32\WS2_32.dll
0x00007ff914b40000 - 0x00007ff914b6a000 	C:\WINDOWS\SYSTEM32\WINMMBASE.dll
0x00007ff919800000 - 0x00007ff919809000 	C:\WINDOWS\system32\NSI.dll
0x00007ff918860000 - 0x00007ff9188aa000 	C:\WINDOWS\SYSTEM32\cfgmgr32.dll
0x00007ff917440000 - 0x00007ff917466000 	C:\WINDOWS\SYSTEM32\DEVOBJ.dll
0x0000000050bd0000 - 0x0000000050bdf000 	C:\Program Files\Java\jdk1.8.0_20\jre\bin\verify.dll
0x0000000050770000 - 0x0000000050798000 	C:\Program Files\Java\jdk1.8.0_20\jre\bin\java.dll
0x0000000050750000 - 0x0000000050766000 	C:\Program Files\Java\jdk1.8.0_20\jre\bin\zip.dll
0x0000000050730000 - 0x000000005074a000 	C:\Program Files\Java\jdk1.8.0_20\jre\bin\net.dll
0x00007ff917e20000 - 0x00007ff917e78000 	C:\WINDOWS\system32\mswsock.dll
0x0000000050710000 - 0x0000000050721000 	C:\Program Files\Java\jdk1.8.0_20\jre\bin\nio.dll
0x00007ff917d10000 - 0x00007ff917d2e000 	C:\WINDOWS\SYSTEM32\CRYPTSP.dll
0x00007ff917a60000 - 0x00007ff917a95000 	C:\WINDOWS\system32\rsaenh.dll
0x00007ff9180a0000 - 0x00007ff9180c6000 	C:\WINDOWS\SYSTEM32\bcrypt.dll
0x00007ff9183c0000 - 0x00007ff918420000 	C:\WINDOWS\system32\bcryptprimitives.dll
0x00007ff918420000 - 0x00007ff91842a000 	C:\WINDOWS\SYSTEM32\CRYPTBASE.dll
0x00007ff912b60000 - 0x00007ff912b89000 	C:\WINDOWS\SYSTEM32\IPHLPAPI.DLL
0x00007ff912b40000 - 0x00007ff912b4a000 	C:\WINDOWS\SYSTEM32\WINNSI.DLL
0x00007ff912870000 - 0x00007ff912884000 	C:\WINDOWS\SYSTEM32\dhcpcsvc6.DLL
0x00007ff912850000 - 0x00007ff912869000 	C:\WINDOWS\SYSTEM32\dhcpcsvc.DLL
0x00007ff90bef0000 - 0x00007ff90c078000 	C:\WINDOWS\SYSTEM32\dbghelp.dll

VM Arguments:
jvm_args: -Dclassworlds.conf=C:\Program Files\Apache Software Foundation\apache-maven-3.1.1\bin\m2.conf -Dmaven.home=C:\Program Files\Apache Software Foundation\apache-maven-3.1.1 
java_command: org.codehaus.plexus.classworlds.launcher.Launcher -Dmaven.ext.class.path=C:\IDE Files\NetBeans 8.0.1\java\maven-nblib\netbeans-eventspy.jar -Dfile.encoding=UTF-8 clean install
java_class_path (initial): C:\Program Files\Apache Software Foundation\apache-maven-3.1.1\boot\plexus-classworlds-2.5.1.jar
Launcher Type: SUN_STANDARD

Environment Variables:
JAVA_HOME=C:\Program Files\Java\jdk1.8.0_20
PATH=C:\ProgramData\Oracle\Java\javapath;C:\Program Files (x86)\NVIDIA Corporation\PhysX\Common;C:\Program Files (x86)\iis express\PHP\v5.4;C:\WINDOWS\system32;C:\WINDOWS;C:\WINDOWS\System32\Wbem;C:\WINDOWS\System32\WindowsPowerShell\v1.0\;C:\Program Files\Microsoft SQL Server\110\Tools\Binn\;C:\Program Files\Microsoft\Web Platform Installer\;C:\Program Files (x86)\GtkSharp\2.12\bin;C:\Program Files (x86)\Windows Kits\8.1\Windows Performance Toolkit\;C:\Program Files\MATLAB\R2013b\runtime\win64;C:\Program Files\MATLAB\R2013b\bin;C:\Program Files\MATLAB\R2013b\polyspace\bin;C:\Program Files\Apache Software Foundation\apache-maven-3.1.1\bin;C:\Program Files\nodejs\;C:\Program Files (x86)\Heroku\bin;C:\Program Files (x86)\git\cmd;C:\Program Files (x86)\Microsoft SDKs\TypeScript\1.0\;C:\Program Files\cURL\bin;C:\Program Files\Microsoft SQL Server\120\Tools\Binn\;C:\Ruby200\bin;C:\Users\Grigorios\AppData\Roaming\npm
USERNAME=Grigorios
OS=Windows_NT
PROCESSOR_IDENTIFIER=Intel64 Family 6 Model 60 Stepping 3, GenuineIntel



---------------  S Y S T E M  ---------------

OS: Windows 8.1 , 64 bit Build 9600 

CPU:total 4 (4 cores per cpu, 1 threads per core) family 6 model 60 stepping 3, cmov, cx8, fxsr, mmx, sse, sse2, sse3, ssse3, sse4.1, sse4.2, popcnt, avx, avx2, aes, clmul, erms, lzcnt, tsc, tscinvbit, bmi1, bmi2

Memory: 4k page, physical 4146352k(217376k free), swap 5194928k(5228k free)

vm_info: Java HotSpot(TM) 64-Bit Server VM (25.20-b23) for windows-amd64 JRE (1.8.0_20-b26), built on Jul 30 2014 13:51:23 by "java_re" with MS VC++ 10.0 (VS2010)

time: Sat Oct 11 00:18:43 2014
elapsed time: 4 seconds (0d 0h 0m 4s)

